DEBUG:urllib3.connectionpool:Starting new HTTPS connection (1): www.fly540.com:443
DEBUG:urllib3.connectionpool:https://www.fly540.com:443 "GET /flights/nairobi-to-mombasa?isoneway=0&depairportcode=NBO&arrvairportcode=MBA&date_from=Thu%2C+10+Feb+2022&date_to=Thu%2C+17+Feb+2022&adult_no=1&children_no=0&infant_no=0&currency=USD&searchFlight= HTTP/1.1" 200 None
DEBUG:urllib3.connectionpool:Starting new HTTPS connection (1): www.fly540.com:443
DEBUG:urllib3.connectionpool:https://www.fly540.com:443 "GET /flights/nairobi-to-mombasa?isoneway=0&depairportcode=NBO&arrvairportcode=MBA&date_from=Sun%2C+20+Feb+2022&date_to=Sun%2C+27+Feb+2022&adult_no=1&children_no=0&infant_no=0&currency=USD&searchFlight= HTTP/1.1" 200 None
DEBUG:urllib3.connectionpool:Starting new HTTPS connection (1): www.fly540.com:443
DEBUG:urllib3.connectionpool:https://www.fly540.com:443 "POST /flights/index.php?option=com_travel HTTP/1.1" 303 None
DEBUG:urllib3.connectionpool:https://www.fly540.com:443 "GET /passenger-details?sid=MzAzOTM2 HTTP/1.1" 200 None
DEBUG:urllib3.connectionpool:Starting new HTTPS connection (1): www.fly540.com:443
DEBUG:urllib3.connectionpool:https://www.fly540.com:443 "POST /flights/index.php?option=com_travel HTTP/1.1" 303 None
DEBUG:urllib3.connectionpool:https://www.fly540.com:443 "GET /passenger-details?sid=MzAzOTM3 HTTP/1.1" 200 None
DEBUG:urllib3.connectionpool:Starting new HTTPS connection (1): www.fly540.com:443
DEBUG:urllib3.connectionpool:https://www.fly540.com:443 "POST /flights/index.php?option=com_travel HTTP/1.1" 303 None
DEBUG:urllib3.connectionpool:https://www.fly540.com:443 "GET /passenger-details?sid=MzAzOTM4 HTTP/1.1" 200 None
DEBUG:urllib3.connectionpool:Starting new HTTPS connection (1): www.fly540.com:443
DEBUG:urllib3.connectionpool:https://www.fly540.com:443 "POST /flights/index.php?option=com_travel HTTP/1.1" 303 None
DEBUG:urllib3.connectionpool:https://www.fly540.com:443 "GET /passenger-details?sid=MzAzOTM5 HTTP/1.1" 200 None
DEBUG:urllib3.connectionpool:Starting new HTTPS connection (1): www.fly540.com:443
DEBUG:urllib3.connectionpool:https://www.fly540.com:443 "POST /flights/index.php?option=com_travel HTTP/1.1" 303 None
DEBUG:urllib3.connectionpool:https://www.fly540.com:443 "GET /passenger-details?sid=MzAzOTQw HTTP/1.1" 200 None
DEBUG:urllib3.connectionpool:Starting new HTTPS connection (1): www.fly540.com:443
DEBUG:urllib3.connectionpool:https://www.fly540.com:443 "POST /flights/index.php?option=com_travel HTTP/1.1" 303 None
DEBUG:urllib3.connectionpool:https://www.fly540.com:443 "GET /passenger-details?sid=MzAzOTQx HTTP/1.1" 200 None
DEBUG:urllib3.connectionpool:Starting new HTTPS connection (1): www.fly540.com:443
DEBUG:urllib3.connectionpool:https://www.fly540.com:443 "POST /flights/index.php?option=com_travel HTTP/1.1" 303 None
DEBUG:urllib3.connectionpool:https://www.fly540.com:443 "GET /passenger-details?sid=MzAzOTQy HTTP/1.1" 200 None
DEBUG:urllib3.connectionpool:Starting new HTTPS connection (1): www.fly540.com:443
DEBUG:urllib3.connectionpool:https://www.fly540.com:443 "POST /flights/index.php?option=com_travel HTTP/1.1" 303 None
DEBUG:urllib3.connectionpool:https://www.fly540.com:443 "GET /passenger-details?sid=MzAzOTQz HTTP/1.1" 200 None
DEBUG:urllib3.connectionpool:Starting new HTTPS connection (1): www.fly540.com:443
DEBUG:urllib3.connectionpool:https://www.fly540.com:443 "POST /flights/index.php?option=com_travel HTTP/1.1" 303 None
DEBUG:urllib3.connectionpool:https://www.fly540.com:443 "GET /passenger-details?sid=MzAzOTQ0 HTTP/1.1" 200 None
DEBUG:urllib3.connectionpool:Starting new HTTPS connection (1): www.fly540.com:443
DEBUG:urllib3.connectionpool:https://www.fly540.com:443 "POST /flights/index.php?option=com_travel HTTP/1.1" 303 None
DEBUG:urllib3.connectionpool:https://www.fly540.com:443 "GET /passenger-details?sid=MzAzOTQ1 HTTP/1.1" 200 None
